<?xml version="1.0" encoding="UTF-8"?>
<testng-results skipped="0" failed="0" ignored="0" total="1" passed="1">
  <reporter-output>
  </reporter-output>
  <suite name="Default suite" duration-ms="13548" started-at="2019-06-28T07:17:48Z" finished-at="2019-06-28T07:18:02Z">
    <groups>
    </groups>
    <test name="Default test" duration-ms="13548" started-at="2019-06-28T07:17:48Z" finished-at="2019-06-28T07:18:02Z">
      <class name="com.GuruBank.Testcases.VerifyNewAccountPage">
        <test-method status="PASS" signature="NewAccount()[pri:0, instance:com.GuruBank.Testcases.VerifyNewAccountPage@643b1d11]" name="NewAccount" duration-ms="13517" started-at="2019-06-28T07:17:48Z" finished-at="2019-06-28T07:18:02Z">
          <reporter-output>
          </reporter-output>
        </test-method> <!-- NewAccount -->
      </class> <!-- com.GuruBank.Testcases.VerifyNewAccountPage -->
    </test> <!-- Default test -->
  </suite> <!-- Default suite -->
</testng-results>
